<?xml version="1.0" encoding="UTF-8"?>
<!-- Generated by org.testng.reporters.JUnitXMLReporter -->
<testsuite hostname="DESKTOP-I96GQ4S" name="MyModule" tests="2" failures="2" timestamp="23 Jul 2018 11:16:47 GMT" time="0.054" errors="0">
  <testcase name="verifyDashboardURL" time="0.016" classname="mydemo.MYTest">
    <failure type="java.lang.NullPointerException">
      <![CDATA[java.lang.NullPointerException
	at mydemo.MYTest.verifyDashboardURL(MYTest.java:186)
... Removed 24 stack frames]]>
    </failure>
  </testcase> <!-- verifyDashboardURL -->
  <testcase name="verifyDashboardURL" time="0.029" classname="mydemo.MYTest">
    <failure type="java.lang.NullPointerException">
      <![CDATA[java.lang.NullPointerException
	at mydemo.CaptureScreenShot.capture(CaptureScreenShot.java:13)
	at mydemo.MyTestNGListener.onTestFailure(MyTestNGListener.java:27)
... Removed 21 stack frames]]>
    </failure>
  </testcase> <!-- verifyDashboardURL -->
</testsuite> <!-- MyModule -->
