<?xml version="1.0" encoding="UTF-8"?>
<testng-results skipped="0" failed="1" total="8" passed="7">
  <reporter-output>
  </reporter-output>
  <suite name="Suite" duration-ms="141" started-at="2018-09-06T14:52:52Z" finished-at="2018-09-06T14:52:52Z">
    <groups>
    </groups>
    <test name="Test" duration-ms="42" started-at="2018-09-06T14:52:52Z" finished-at="2018-09-06T14:52:52Z">
      <class name="mydemo.NewTestNG2">
        <test-method status="PASS" signature="beforeClass()[pri:0, instance:mydemo.NewTestNG2@6cc4c815]" name="beforeClass" is-config="true" duration-ms="0" started-at="2018-09-06T20:22:52Z" finished-at="2018-09-06T20:22:52Z">
          <reporter-output>
          </reporter-output>
        </test-method> <!-- beforeClass -->
        <test-method status="PASS" signature="beforeMethod()[pri:0, instance:mydemo.NewTestNG2@6cc4c815]" name="beforeMethod" is-config="true" duration-ms="0" started-at="2018-09-06T20:22:52Z" finished-at="2018-09-06T20:22:52Z">
          <reporter-output>
          </reporter-output>
        </test-method> <!-- beforeMethod -->
        <test-method status="PASS" signature="beforeMethod()[pri:0, instance:mydemo.NewTestNG2@6cc4c815]" name="beforeMethod" is-config="true" duration-ms="0" started-at="2018-09-06T20:22:52Z" finished-at="2018-09-06T20:22:52Z">
          <reporter-output>
          </reporter-output>
        </test-method> <!-- beforeMethod -->
        <test-method status="PASS" signature="arithmaticTest2()[pri:0, instance:mydemo.NewTestNG2@6cc4c815]" name="arithmaticTest2" duration-ms="11" started-at="2018-09-06T20:22:52Z" finished-at="2018-09-06T20:22:52Z">
          <reporter-output>
          </reporter-output>
        </test-method> <!-- arithmaticTest2 -->
        <test-method status="PASS" signature="arithmaticTest1()[pri:0, instance:mydemo.NewTestNG2@6cc4c815]" name="arithmaticTest1" duration-ms="14" started-at="2018-09-06T20:22:52Z" finished-at="2018-09-06T20:22:52Z">
          <reporter-output>
          </reporter-output>
        </test-method> <!-- arithmaticTest1 -->
        <test-method status="PASS" signature="afterMethod()[pri:0, instance:mydemo.NewTestNG2@6cc4c815]" name="afterMethod" is-config="true" duration-ms="0" started-at="2018-09-06T20:22:52Z" finished-at="2018-09-06T20:22:52Z">
          <reporter-output>
          </reporter-output>
        </test-method> <!-- afterMethod -->
        <test-method status="PASS" signature="afterMethod()[pri:0, instance:mydemo.NewTestNG2@6cc4c815]" name="afterMethod" is-config="true" duration-ms="0" started-at="2018-09-06T20:22:52Z" finished-at="2018-09-06T20:22:52Z">
          <reporter-output>
          </reporter-output>
        </test-method> <!-- afterMethod -->
        <test-method status="PASS" signature="afterClass()[pri:0, instance:mydemo.NewTestNG2@6cc4c815]" name="afterClass" is-config="true" duration-ms="0" started-at="2018-09-06T20:22:52Z" finished-at="2018-09-06T20:22:52Z">
          <reporter-output>
          </reporter-output>
        </test-method> <!-- afterClass -->
      </class> <!-- mydemo.NewTestNG2 -->
      <class name="mydemo.NewTestNG">
        <test-method status="PASS" signature="beforeTest()[pri:0, instance:mydemo.NewTestNG@58651fd0]" name="beforeTest" is-config="true" duration-ms="1" started-at="2018-09-06T20:22:52Z" finished-at="2018-09-06T20:22:52Z">
          <reporter-output>
          </reporter-output>
        </test-method> <!-- beforeTest -->
        <test-method status="PASS" signature="beforeTest()[pri:0, instance:mydemo.NewTestNG2@6cc4c815]" name="beforeTest" is-config="true" duration-ms="0" started-at="2018-09-06T20:22:52Z" finished-at="2018-09-06T20:22:52Z">
          <reporter-output>
          </reporter-output>
        </test-method> <!-- beforeTest -->
        <test-method status="PASS" signature="beforeClass()[pri:0, instance:mydemo.NewTestNG@58651fd0]" name="beforeClass" is-config="true" duration-ms="0" started-at="2018-09-06T20:22:52Z" finished-at="2018-09-06T20:22:52Z">
          <reporter-output>
          </reporter-output>
        </test-method> <!-- beforeClass -->
        <test-method status="FAIL" signature="arithmaticTest2()[pri:0, instance:mydemo.NewTestNG@58651fd0]" name="arithmaticTest2" duration-ms="15" started-at="2018-09-06T20:22:52Z" finished-at="2018-09-06T20:22:52Z">
          <exception class="java.lang.AssertionError">
            <message>
              <![CDATA[expected [3] but found [2]]]>
            </message>
            <full-stacktrace>
              <![CDATA[java.lang.AssertionError: expected [3] but found [2]
	at org.testng.Assert.fail(Assert.java:94)
	at org.testng.Assert.failNotEquals(Assert.java:494)
	at org.testng.Assert.assertEquals(Assert.java:123)
	at org.testng.Assert.assertEquals(Assert.java:370)
	at org.testng.Assert.assertEquals(Assert.java:380)
	at mydemo.NewTestNG.arithmaticTest2(NewTestNG.java:24)
	at sun.reflect.NativeMethodAccessorImpl.invoke0(Native Method)
	at sun.reflect.NativeMethodAccessorImpl.invoke(NativeMethodAccessorImpl.java:62)
	at sun.reflect.DelegatingMethodAccessorImpl.invoke(DelegatingMethodAccessorImpl.java:43)
	at java.lang.reflect.Method.invoke(Method.java:498)
	at org.testng.internal.MethodInvocationHelper.invokeMethod(MethodInvocationHelper.java:84)
	at org.testng.internal.Invoker.invokeMethod(Invoker.java:714)
	at org.testng.internal.Invoker.invokeTestMethod(Invoker.java:901)
	at org.testng.internal.Invoker.invokeTestMethods(Invoker.java:1231)
	at org.testng.internal.TestMethodWorker.invokeTestMethods(TestMethodWorker.java:127)
	at org.testng.internal.TestMethodWorker.run(TestMethodWorker.java:111)
	at java.util.concurrent.ThreadPoolExecutor.runWorker(ThreadPoolExecutor.java:1149)
	at java.util.concurrent.ThreadPoolExecutor$Worker.run(ThreadPoolExecutor.java:624)
	at java.lang.Thread.run(Thread.java:748)
]]>
            </full-stacktrace>
          </exception> <!-- java.lang.AssertionError -->
          <reporter-output>
          </reporter-output>
        </test-method> <!-- arithmaticTest2 -->
        <test-method status="PASS" signature="beforeMethod()[pri:0, instance:mydemo.NewTestNG@58651fd0]" name="beforeMethod" is-config="true" duration-ms="0" started-at="2018-09-06T20:22:52Z" finished-at="2018-09-06T20:22:52Z">
          <reporter-output>
          </reporter-output>
        </test-method> <!-- beforeMethod -->
        <test-method status="PASS" signature="arithmaticTest1()[pri:0, instance:mydemo.NewTestNG@58651fd0]" name="arithmaticTest1" duration-ms="9" started-at="2018-09-06T20:22:52Z" finished-at="2018-09-06T20:22:52Z">
          <reporter-output>
          </reporter-output>
        </test-method> <!-- arithmaticTest1 -->
        <test-method status="PASS" signature="beforeMethod()[pri:0, instance:mydemo.NewTestNG@58651fd0]" name="beforeMethod" is-config="true" duration-ms="0" started-at="2018-09-06T20:22:52Z" finished-at="2018-09-06T20:22:52Z">
          <reporter-output>
          </reporter-output>
        </test-method> <!-- beforeMethod -->
        <test-method status="PASS" signature="afterMethod()[pri:0, instance:mydemo.NewTestNG@58651fd0]" name="afterMethod" is-config="true" duration-ms="0" started-at="2018-09-06T20:22:52Z" finished-at="2018-09-06T20:22:52Z">
          <reporter-output>
          </reporter-output>
        </test-method> <!-- afterMethod -->
        <test-method status="PASS" signature="afterClass()[pri:0, instance:mydemo.NewTestNG@58651fd0]" name="afterClass" is-config="true" duration-ms="0" started-at="2018-09-06T20:22:52Z" finished-at="2018-09-06T20:22:52Z">
          <reporter-output>
          </reporter-output>
        </test-method> <!-- afterClass -->
        <test-method status="PASS" signature="afterMethod()[pri:0, instance:mydemo.NewTestNG@58651fd0]" name="afterMethod" is-config="true" duration-ms="0" started-at="2018-09-06T20:22:52Z" finished-at="2018-09-06T20:22:52Z">
          <reporter-output>
          </reporter-output>
        </test-method> <!-- afterMethod -->
        <test-method status="PASS" signature="afterTest()[pri:0, instance:mydemo.NewTestNG@58651fd0]" name="afterTest" is-config="true" duration-ms="0" started-at="2018-09-06T20:22:52Z" finished-at="2018-09-06T20:22:52Z">
          <reporter-output>
          </reporter-output>
        </test-method> <!-- afterTest -->
        <test-method status="PASS" signature="afterTest()[pri:0, instance:mydemo.NewTestNG2@6cc4c815]" name="afterTest" is-config="true" duration-ms="0" started-at="2018-09-06T20:22:52Z" finished-at="2018-09-06T20:22:52Z">
          <reporter-output>
          </reporter-output>
        </test-method> <!-- afterTest -->
      </class> <!-- mydemo.NewTestNG -->
    </test> <!-- Test -->
    <test name="Test1" duration-ms="33" started-at="2018-09-06T14:52:52Z" finished-at="2018-09-06T14:52:52Z">
      <class name="mydemo.TestNGDemo">
        <test-method status="PASS" signature="beforeTest()[pri:0, instance:mydemo.TestNGDemo@cb5822]" name="beforeTest" is-config="true" duration-ms="1" started-at="2018-09-06T20:22:52Z" finished-at="2018-09-06T20:22:52Z">
          <reporter-output>
          </reporter-output>
        </test-method> <!-- beforeTest -->
        <test-method status="PASS" signature="arithmaticTest1()[pri:0, instance:mydemo.TestNGDemo@cb5822]" name="arithmaticTest1" duration-ms="15" started-at="2018-09-06T20:22:52Z" finished-at="2018-09-06T20:22:52Z">
          <reporter-output>
          </reporter-output>
        </test-method> <!-- arithmaticTest1 -->
        <test-method status="PASS" signature="arithmaticTest2()[pri:0, instance:mydemo.TestNGDemo@cb5822]" name="arithmaticTest2" duration-ms="0" started-at="2018-09-06T20:22:52Z" finished-at="2018-09-06T20:22:52Z">
          <reporter-output>
          </reporter-output>
        </test-method> <!-- arithmaticTest2 -->
        <test-method status="PASS" signature="beforeMethod()[pri:0, instance:mydemo.TestNGDemo@cb5822]" name="beforeMethod" is-config="true" duration-ms="0" started-at="2018-09-06T20:22:52Z" finished-at="2018-09-06T20:22:52Z">
          <reporter-output>
          </reporter-output>
        </test-method> <!-- beforeMethod -->
        <test-method status="PASS" signature="afterMethod()[pri:0, instance:mydemo.TestNGDemo@cb5822]" name="afterMethod" is-config="true" duration-ms="0" started-at="2018-09-06T20:22:52Z" finished-at="2018-09-06T20:22:52Z">
          <reporter-output>
          </reporter-output>
        </test-method> <!-- afterMethod -->
        <test-method status="PASS" signature="beforeClass()[pri:0, instance:mydemo.TestNGDemo@cb5822]" name="beforeClass" is-config="true" duration-ms="0" started-at="2018-09-06T20:22:52Z" finished-at="2018-09-06T20:22:52Z">
          <reporter-output>
          </reporter-output>
        </test-method> <!-- beforeClass -->
        <test-method status="PASS" signature="beforeTest()[pri:0, instance:mydemo.TestNGDemo2@8bd1b6a]" name="beforeTest" is-config="true" duration-ms="0" started-at="2018-09-06T20:22:52Z" finished-at="2018-09-06T20:22:52Z">
          <reporter-output>
          </reporter-output>
        </test-method> <!-- beforeTest -->
        <test-method status="PASS" signature="beforeMethod()[pri:0, instance:mydemo.TestNGDemo@cb5822]" name="beforeMethod" is-config="true" duration-ms="0" started-at="2018-09-06T20:22:52Z" finished-at="2018-09-06T20:22:52Z">
          <reporter-output>
          </reporter-output>
        </test-method> <!-- beforeMethod -->
        <test-method status="PASS" signature="afterMethod()[pri:0, instance:mydemo.TestNGDemo@cb5822]" name="afterMethod" is-config="true" duration-ms="0" started-at="2018-09-06T20:22:52Z" finished-at="2018-09-06T20:22:52Z">
          <reporter-output>
          </reporter-output>
        </test-method> <!-- afterMethod -->
        <test-method status="PASS" signature="afterClass()[pri:0, instance:mydemo.TestNGDemo@cb5822]" name="afterClass" is-config="true" duration-ms="1" started-at="2018-09-06T20:22:52Z" finished-at="2018-09-06T20:22:52Z">
          <reporter-output>
          </reporter-output>
        </test-method> <!-- afterClass -->
        <test-method status="PASS" signature="afterTest()[pri:0, instance:mydemo.TestNGDemo2@8bd1b6a]" name="afterTest" is-config="true" duration-ms="11" started-at="2018-09-06T20:22:52Z" finished-at="2018-09-06T20:22:52Z">
          <reporter-output>
          </reporter-output>
        </test-method> <!-- afterTest -->
        <test-method status="PASS" signature="afterTest()[pri:0, instance:mydemo.TestNGDemo@cb5822]" name="afterTest" is-config="true" duration-ms="0" started-at="2018-09-06T20:22:52Z" finished-at="2018-09-06T20:22:52Z">
          <reporter-output>
          </reporter-output>
        </test-method> <!-- afterTest -->
      </class> <!-- mydemo.TestNGDemo -->
      <class name="mydemo.TestNGDemo2">
        <test-method status="PASS" signature="beforeClass()[pri:0, instance:mydemo.TestNGDemo2@8bd1b6a]" name="beforeClass" is-config="true" duration-ms="0" started-at="2018-09-06T20:22:52Z" finished-at="2018-09-06T20:22:52Z">
          <reporter-output>
          </reporter-output>
        </test-method> <!-- beforeClass -->
        <test-method status="PASS" signature="beforeMethod()[pri:0, instance:mydemo.TestNGDemo2@8bd1b6a]" name="beforeMethod" is-config="true" duration-ms="5" started-at="2018-09-06T20:22:52Z" finished-at="2018-09-06T20:22:52Z">
          <reporter-output>
          </reporter-output>
        </test-method> <!-- beforeMethod -->
        <test-method status="PASS" signature="afterClass()[pri:0, instance:mydemo.TestNGDemo2@8bd1b6a]" name="afterClass" is-config="true" duration-ms="0" started-at="2018-09-06T20:22:52Z" finished-at="2018-09-06T20:22:52Z">
          <reporter-output>
          </reporter-output>
        </test-method> <!-- afterClass -->
        <test-method status="PASS" signature="afterMethod()[pri:0, instance:mydemo.TestNGDemo2@8bd1b6a]" name="afterMethod" is-config="true" duration-ms="0" started-at="2018-09-06T20:22:52Z" finished-at="2018-09-06T20:22:52Z">
          <reporter-output>
          </reporter-output>
        </test-method> <!-- afterMethod -->
        <test-method status="PASS" signature="beforeMethod()[pri:0, instance:mydemo.TestNGDemo2@8bd1b6a]" name="beforeMethod" is-config="true" duration-ms="0" started-at="2018-09-06T20:22:52Z" finished-at="2018-09-06T20:22:52Z">
          <reporter-output>
          </reporter-output>
        </test-method> <!-- beforeMethod -->
        <test-method status="PASS" signature="arithmaticTest1()[pri:0, instance:mydemo.TestNGDemo2@8bd1b6a]" name="arithmaticTest1" duration-ms="0" started-at="2018-09-06T20:22:52Z" finished-at="2018-09-06T20:22:52Z">
          <reporter-output>
          </reporter-output>
        </test-method> <!-- arithmaticTest1 -->
        <test-method status="PASS" signature="arithmaticTest2()[pri:0, instance:mydemo.TestNGDemo2@8bd1b6a]" name="arithmaticTest2" duration-ms="0" started-at="2018-09-06T20:22:52Z" finished-at="2018-09-06T20:22:52Z">
          <reporter-output>
          </reporter-output>
        </test-method> <!-- arithmaticTest2 -->
        <test-method status="PASS" signature="afterMethod()[pri:0, instance:mydemo.TestNGDemo2@8bd1b6a]" name="afterMethod" is-config="true" duration-ms="0" started-at="2018-09-06T20:22:52Z" finished-at="2018-09-06T20:22:52Z">
          <reporter-output>
          </reporter-output>
        </test-method> <!-- afterMethod -->
      </class> <!-- mydemo.TestNGDemo2 -->
      <class name="mydemo.NewTestNG">
        <test-method status="PASS" signature="beforeSuite()[pri:0, instance:mydemo.NewTestNG@58651fd0]" name="beforeSuite" is-config="true" duration-ms="3" started-at="2018-09-06T20:22:52Z" finished-at="2018-09-06T20:22:52Z">
          <reporter-output>
          </reporter-output>
        </test-method> <!-- beforeSuite -->
        <test-method status="PASS" signature="beforeSuite()[pri:0, instance:mydemo.NewTestNG2@6cc4c815]" name="beforeSuite" is-config="true" duration-ms="7" started-at="2018-09-06T20:22:52Z" finished-at="2018-09-06T20:22:52Z">
          <reporter-output>
          </reporter-output>
        </test-method> <!-- beforeSuite -->
        <test-method status="PASS" signature="beforeSuite()[pri:0, instance:mydemo.TestNGDemo@cb5822]" name="beforeSuite" is-config="true" duration-ms="0" started-at="2018-09-06T20:22:52Z" finished-at="2018-09-06T20:22:52Z">
          <reporter-output>
          </reporter-output>
        </test-method> <!-- beforeSuite -->
        <test-method status="PASS" signature="beforeSuite()[pri:0, instance:mydemo.TestNGDemo2@8bd1b6a]" name="beforeSuite" is-config="true" duration-ms="0" started-at="2018-09-06T20:22:52Z" finished-at="2018-09-06T20:22:52Z">
          <reporter-output>
          </reporter-output>
        </test-method> <!-- beforeSuite -->
        <test-method status="PASS" signature="afterSuite()[pri:0, instance:mydemo.NewTestNG@58651fd0]" name="afterSuite" is-config="true" duration-ms="1" started-at="2018-09-06T20:22:52Z" finished-at="2018-09-06T20:22:52Z">
          <reporter-output>
          </reporter-output>
        </test-method> <!-- afterSuite -->
        <test-method status="PASS" signature="afterSuite()[pri:0, instance:mydemo.NewTestNG2@6cc4c815]" name="afterSuite" is-config="true" duration-ms="0" started-at="2018-09-06T20:22:52Z" finished-at="2018-09-06T20:22:52Z">
          <reporter-output>
          </reporter-output>
        </test-method> <!-- afterSuite -->
        <test-method status="PASS" signature="afterSuite()[pri:0, instance:mydemo.TestNGDemo@cb5822]" name="afterSuite" is-config="true" duration-ms="2" started-at="2018-09-06T20:22:52Z" finished-at="2018-09-06T20:22:52Z">
          <reporter-output>
          </reporter-output>
        </test-method> <!-- afterSuite -->
        <test-method status="PASS" signature="afterSuite()[pri:0, instance:mydemo.TestNGDemo2@8bd1b6a]" name="afterSuite" is-config="true" duration-ms="0" started-at="2018-09-06T20:22:52Z" finished-at="2018-09-06T20:22:52Z">
          <reporter-output>
          </reporter-output>
        </test-method> <!-- afterSuite -->
      </class> <!-- mydemo.NewTestNG -->
    </test> <!-- Test1 -->
  </suite> <!-- Suite -->
</testng-results>
