<?xml version="1.0" encoding="UTF-8"?>
<!-- Generated by org.testng.reporters.JUnitXMLReporter -->
<testsuite hostname="DESKTOP-I96GQ4S" name="Test1" tests="4" failures="0" timestamp="6 Sep 2018 14:52:52 GMT" time="0.033" errors="0">
  <testcase name="arithmaticTest2" time="0.0" classname="mydemo.TestNGDemo"/>
  <testcase name="arithmaticTest1" time="0.015" classname="mydemo.TestNGDemo"/>
  <testcase name="arithmaticTest1" time="0.0" classname="mydemo.TestNGDemo2"/>
  <testcase name="arithmaticTest2" time="0.0" classname="mydemo.TestNGDemo2"/>
</testsuite> <!-- Test1 -->
